  Application.cpp
c:\users\ariadna\documents\github\gunbird_p01\gunbird\gunbird\Path.h(6): warning C4099: 'Animation': nombre de tipo visto anteriormente usando 'class' ahora se ve usando 'struct'
  c:\users\ariadna\documents\github\gunbird_p01\gunbird\gunbird\Animation.h(8): note: vea la declaración de 'Animation'
  Coin.cpp
c:\users\ariadna\documents\github\gunbird_p01\gunbird\gunbird\Path.h(6): warning C4099: 'Animation': nombre de tipo visto anteriormente usando 'class' ahora se ve usando 'struct'
  c:\users\ariadna\documents\github\gunbird_p01\gunbird\gunbird\Animation.h(8): note: vea la declaración de 'Animation'
c:\users\ariadna\documents\github\gunbird_p01\gunbird\gunbird\Enemy.h(8): warning C4099: 'Path': nombre de tipo visto anteriormente usando 'class' ahora se ve usando 'struct'
  c:\users\ariadna\documents\github\gunbird_p01\gunbird\gunbird\Path.h(17): note: vea la declaración de 'Path'
  Enemy.cpp
c:\users\ariadna\documents\github\gunbird_p01\gunbird\gunbird\Path.h(6): warning C4099: 'Animation': nombre de tipo visto anteriormente usando 'class' ahora se ve usando 'struct'
  c:\users\ariadna\documents\github\gunbird_p01\gunbird\gunbird\Animation.h(8): note: vea la declaración de 'Animation'
c:\users\ariadna\documents\github\gunbird_p01\gunbird\gunbird\Enemy.h(8): warning C4099: 'Path': nombre de tipo visto anteriormente usando 'class' ahora se ve usando 'struct'
  c:\users\ariadna\documents\github\gunbird_p01\gunbird\gunbird\Path.h(17): note: vea la declaración de 'Path'
  Enemy_Bee.cpp
c:\users\ariadna\documents\github\gunbird_p01\gunbird\gunbird\Path.h(6): warning C4099: 'Animation': nombre de tipo visto anteriormente usando 'class' ahora se ve usando 'struct'
  c:\users\ariadna\documents\github\gunbird_p01\gunbird\gunbird\Animation.h(8): note: vea la declaración de 'Animation'
c:\users\ariadna\documents\github\gunbird_p01\gunbird\gunbird\Enemy.h(8): warning C4099: 'Path': nombre de tipo visto anteriormente usando 'class' ahora se ve usando 'struct'
  c:\users\ariadna\documents\github\gunbird_p01\gunbird\gunbird\Path.h(17): note: vea la declaración de 'Path'
c:\users\ariadna\documents\github\gunbird_p01\gunbird\gunbird\Enemy_Bee.h(5): warning C4067: símbolos (token) inesperados después de la directiva del preprocesador; se esperaba una nueva línea
  Enemy_Big_Red_Turret.cpp
c:\users\ariadna\documents\github\gunbird_p01\gunbird\gunbird\Path.h(6): warning C4099: 'Animation': nombre de tipo visto anteriormente usando 'class' ahora se ve usando 'struct'
  c:\users\ariadna\documents\github\gunbird_p01\gunbird\gunbird\Animation.h(8): note: vea la declaración de 'Animation'
c:\users\ariadna\documents\github\gunbird_p01\gunbird\gunbird\Enemy.h(8): warning C4099: 'Path': nombre de tipo visto anteriormente usando 'class' ahora se ve usando 'struct'
  c:\users\ariadna\documents\github\gunbird_p01\gunbird\gunbird\Path.h(17): note: vea la declaración de 'Path'
Enemy_Big_Red_Turret.cpp(63): warning C4244: '=': conversión de 'float' a 'int'; posible pérdida de datos
Enemy_Big_Red_Turret.cpp(64): warning C4244: '=': conversión de 'float' a 'int'; posible pérdida de datos
Enemy_Big_Red_Turret.cpp(66): warning C4244: '=': conversión de 'float' a 'int'; posible pérdida de datos
Enemy_Big_Red_Turret.cpp(67): warning C4244: '=': conversión de 'float' a 'int'; posible pérdida de datos
Enemy_Big_Red_Turret.cpp(76): warning C4244: '=': conversión de 'float' a 'int'; posible pérdida de datos
Enemy_Big_Red_Turret.cpp(77): warning C4244: '=': conversión de 'float' a 'int'; posible pérdida de datos
Enemy_Big_Red_Turret.cpp(79): warning C4244: '=': conversión de 'float' a 'int'; posible pérdida de datos
Enemy_Big_Red_Turret.cpp(80): warning C4244: '=': conversión de 'float' a 'int'; posible pérdida de datos
Enemy_Big_Red_Turret.cpp(91): warning C4244: '=': conversión de 'float' a 'int'; posible pérdida de datos
Enemy_Big_Red_Turret.cpp(92): warning C4244: '=': conversión de 'float' a 'int'; posible pérdida de datos
Enemy_Big_Red_Turret.cpp(94): warning C4244: '=': conversión de 'float' a 'int'; posible pérdida de datos
Enemy_Big_Red_Turret.cpp(95): warning C4244: '=': conversión de 'float' a 'int'; posible pérdida de datos
Enemy_Big_Red_Turret.cpp(104): warning C4244: '=': conversión de 'float' a 'int'; posible pérdida de datos
Enemy_Big_Red_Turret.cpp(105): warning C4244: '=': conversión de 'float' a 'int'; posible pérdida de datos
Enemy_Big_Red_Turret.cpp(107): warning C4244: '=': conversión de 'float' a 'int'; posible pérdida de datos
Enemy_Big_Red_Turret.cpp(108): warning C4244: '=': conversión de 'float' a 'int'; posible pérdida de datos
Enemy_Big_Red_Turret.cpp(117): warning C4244: '=': conversión de 'float' a 'int'; posible pérdida de datos
Enemy_Big_Red_Turret.cpp(118): warning C4244: '=': conversión de 'float' a 'int'; posible pérdida de datos
Enemy_Big_Red_Turret.cpp(120): warning C4244: '=': conversión de 'float' a 'int'; posible pérdida de datos
Enemy_Big_Red_Turret.cpp(121): warning C4244: '=': conversión de 'float' a 'int'; posible pérdida de datos
  Enemy_MetallicBalloon.cpp
c:\users\ariadna\documents\github\gunbird_p01\gunbird\gunbird\Path.h(6): warning C4099: 'Animation': nombre de tipo visto anteriormente usando 'class' ahora se ve usando 'struct'
  c:\users\ariadna\documents\github\gunbird_p01\gunbird\gunbird\Animation.h(8): note: vea la declaración de 'Animation'
c:\users\ariadna\documents\github\gunbird_p01\gunbird\gunbird\Enemy.h(8): warning C4099: 'Path': nombre de tipo visto anteriormente usando 'class' ahora se ve usando 'struct'
  c:\users\ariadna\documents\github\gunbird_p01\gunbird\gunbird\Path.h(17): note: vea la declaración de 'Path'
Enemy_MetallicBalloon.cpp(172): warning C4244: '=': conversión de 'double' a 'float'; posible pérdida de datos
Enemy_MetallicBalloon.cpp(174): warning C4305: '*=': truncamiento de 'double' a 'float'
Enemy_MetallicBalloon.cpp(213): warning C4244: '=': conversión de 'float' a 'int'; posible pérdida de datos
Enemy_MetallicBalloon.cpp(214): warning C4244: '=': conversión de 'float' a 'int'; posible pérdida de datos
Enemy_MetallicBalloon.cpp(217): warning C4244: '=': conversión de 'float' a 'int'; posible pérdida de datos
Enemy_MetallicBalloon.cpp(218): warning C4244: '=': conversión de 'float' a 'int'; posible pérdida de datos
  Enemy_Red_Turret.cpp
c:\users\ariadna\documents\github\gunbird_p01\gunbird\gunbird\Path.h(6): warning C4099: 'Animation': nombre de tipo visto anteriormente usando 'class' ahora se ve usando 'struct'
  c:\users\ariadna\documents\github\gunbird_p01\gunbird\gunbird\Animation.h(8): note: vea la declaración de 'Animation'
c:\users\ariadna\documents\github\gunbird_p01\gunbird\gunbird\Enemy.h(8): warning C4099: 'Path': nombre de tipo visto anteriormente usando 'class' ahora se ve usando 'struct'
  c:\users\ariadna\documents\github\gunbird_p01\gunbird\gunbird\Path.h(17): note: vea la declaración de 'Path'
Enemy_Red_Turret.cpp(71): warning C4244: '=': conversión de 'double' a 'float'; posible pérdida de datos
Enemy_Red_Turret.cpp(73): warning C4305: '*=': truncamiento de 'double' a 'float'
Enemy_Red_Turret.cpp(87): warning C4244: '=': conversión de 'double' a 'int'; posible pérdida de datos
Enemy_Red_Turret.cpp(88): warning C4244: '=': conversión de 'double' a 'int'; posible pérdida de datos
Enemy_Red_Turret.cpp(91): warning C4244: '=': conversión de 'double' a 'int'; posible pérdida de datos
Enemy_Red_Turret.cpp(92): warning C4244: '=': conversión de 'double' a 'int'; posible pérdida de datos
Enemy_Red_Turret.cpp(97): warning C4244: '=': conversión de 'double' a 'int'; posible pérdida de datos
Enemy_Red_Turret.cpp(98): warning C4244: '=': conversión de 'double' a 'int'; posible pérdida de datos
Enemy_Red_Turret.cpp(101): warning C4244: '=': conversión de 'double' a 'int'; posible pérdida de datos
Enemy_Red_Turret.cpp(102): warning C4244: '=': conversión de 'double' a 'int'; posible pérdida de datos
  Enemy_TerrestialTurret.cpp
c:\users\ariadna\documents\github\gunbird_p01\gunbird\gunbird\Path.h(6): warning C4099: 'Animation': nombre de tipo visto anteriormente usando 'class' ahora se ve usando 'struct'
  c:\users\ariadna\documents\github\gunbird_p01\gunbird\gunbird\Animation.h(8): note: vea la declaración de 'Animation'
c:\users\ariadna\documents\github\gunbird_p01\gunbird\gunbird\Enemy.h(8): warning C4099: 'Path': nombre de tipo visto anteriormente usando 'class' ahora se ve usando 'struct'
  c:\users\ariadna\documents\github\gunbird_p01\gunbird\gunbird\Path.h(17): note: vea la declaración de 'Path'
Enemy_TerrestialTurret.cpp(347): warning C4244: 'inicializando': conversión de 'int' a 'float'; posible pérdida de datos
Enemy_TerrestialTurret.cpp(348): warning C4244: 'inicializando': conversión de 'int' a 'float'; posible pérdida de datos
Enemy_TerrestialTurret.cpp(353): warning C4244: '=': conversión de 'double' a 'float'; posible pérdida de datos
Enemy_TerrestialTurret.cpp(354): warning C4305: '*=': truncamiento de 'double' a 'float'
Enemy_TerrestialTurret.cpp(457): warning C4244: '=': conversión de 'double' a 'float'; posible pérdida de datos
Enemy_TerrestialTurret.cpp(459): warning C4305: '*=': truncamiento de 'double' a 'float'
Enemy_TerrestialTurret.cpp(473): warning C4244: '=': conversión de 'double' a 'int'; posible pérdida de datos
Enemy_TerrestialTurret.cpp(474): warning C4244: '=': conversión de 'double' a 'int'; posible pérdida de datos
Enemy_TerrestialTurret.cpp(477): warning C4244: '=': conversión de 'double' a 'int'; posible pérdida de datos
Enemy_TerrestialTurret.cpp(478): warning C4244: '=': conversión de 'double' a 'int'; posible pérdida de datos
Enemy_TerrestialTurret.cpp(483): warning C4244: '=': conversión de 'double' a 'int'; posible pérdida de datos
Enemy_TerrestialTurret.cpp(484): warning C4244: '=': conversión de 'double' a 'int'; posible pérdida de datos
Enemy_TerrestialTurret.cpp(487): warning C4244: '=': conversión de 'double' a 'int'; posible pérdida de datos
Enemy_TerrestialTurret.cpp(488): warning C4244: '=': conversión de 'double' a 'int'; posible pérdida de datos
  Enemy_Trump_Red_Mecha.cpp
c:\users\ariadna\documents\github\gunbird_p01\gunbird\gunbird\Path.h(6): warning C4099: 'Animation': nombre de tipo visto anteriormente usando 'class' ahora se ve usando 'struct'
  c:\users\ariadna\documents\github\gunbird_p01\gunbird\gunbird\Animation.h(8): note: vea la declaración de 'Animation'
c:\users\ariadna\documents\github\gunbird_p01\gunbird\gunbird\Enemy.h(8): warning C4099: 'Path': nombre de tipo visto anteriormente usando 'class' ahora se ve usando 'struct'
  c:\users\ariadna\documents\github\gunbird_p01\gunbird\gunbird\Path.h(17): note: vea la declaración de 'Path'
Enemy_Trump_Red_Mecha.cpp(79): warning C4244: '=': conversión de 'float' a 'int'; posible pérdida de datos
Enemy_Trump_Red_Mecha.cpp(80): warning C4244: '=': conversión de 'float' a 'int'; posible pérdida de datos
Enemy_Trump_Red_Mecha.cpp(82): warning C4244: '=': conversión de 'float' a 'int'; posible pérdida de datos
Enemy_Trump_Red_Mecha.cpp(83): warning C4244: '=': conversión de 'float' a 'int'; posible pérdida de datos
Enemy_Trump_Red_Mecha.cpp(92): warning C4244: '=': conversión de 'float' a 'int'; posible pérdida de datos
Enemy_Trump_Red_Mecha.cpp(93): warning C4244: '=': conversión de 'float' a 'int'; posible pérdida de datos
Enemy_Trump_Red_Mecha.cpp(95): warning C4244: '=': conversión de 'float' a 'int'; posible pérdida de datos
Enemy_Trump_Red_Mecha.cpp(96): warning C4244: '=': conversión de 'float' a 'int'; posible pérdida de datos
Enemy_Trump_Red_Mecha.cpp(107): warning C4244: '=': conversión de 'float' a 'int'; posible pérdida de datos
Enemy_Trump_Red_Mecha.cpp(108): warning C4244: '=': conversión de 'float' a 'int'; posible pérdida de datos
Enemy_Trump_Red_Mecha.cpp(110): warning C4244: '=': conversión de 'float' a 'int'; posible pérdida de datos
Enemy_Trump_Red_Mecha.cpp(111): warning C4244: '=': conversión de 'float' a 'int'; posible pérdida de datos
Enemy_Trump_Red_Mecha.cpp(120): warning C4244: '=': conversión de 'float' a 'int'; posible pérdida de datos
Enemy_Trump_Red_Mecha.cpp(121): warning C4244: '=': conversión de 'float' a 'int'; posible pérdida de datos
Enemy_Trump_Red_Mecha.cpp(123): warning C4244: '=': conversión de 'float' a 'int'; posible pérdida de datos
Enemy_Trump_Red_Mecha.cpp(124): warning C4244: '=': conversión de 'float' a 'int'; posible pérdida de datos
Enemy_Trump_Red_Mecha.cpp(133): warning C4244: '=': conversión de 'float' a 'int'; posible pérdida de datos
Enemy_Trump_Red_Mecha.cpp(134): warning C4244: '=': conversión de 'float' a 'int'; posible pérdida de datos
Enemy_Trump_Red_Mecha.cpp(136): warning C4244: '=': conversión de 'float' a 'int'; posible pérdida de datos
Enemy_Trump_Red_Mecha.cpp(137): warning C4244: '=': conversión de 'float' a 'int'; posible pérdida de datos
  Globals.cpp
  Main.cpp
  ModuleAudio.cpp
  ModuleCharacterSelection.cpp
  ModuleCollision.cpp
  ModuleEnemies.cpp
c:\users\ariadna\documents\github\gunbird_p01\gunbird\gunbird\Animation.h(8): warning C4099: 'Animation': nombre de tipo visto anteriormente usando 'struct' ahora se ve usando 'class'
  c:\users\ariadna\documents\github\gunbird_p01\gunbird\gunbird\Animation.h(7): note: vea la declaración de 'Animation'
c:\users\ariadna\documents\github\gunbird_p01\gunbird\gunbird\Enemy.h(8): warning C4099: 'Path': nombre de tipo visto anteriormente usando 'class' ahora se ve usando 'struct'
  c:\users\ariadna\documents\github\gunbird_p01\gunbird\gunbird\Path.h(17): note: vea la declaración de 'Path'
c:\users\ariadna\documents\github\gunbird_p01\gunbird\gunbird\Enemy_Torpedo.h(5): warning C4067: símbolos (token) inesperados después de la directiva del preprocesador; se esperaba una nueva línea
c:\users\ariadna\documents\github\gunbird_p01\gunbird\gunbird\Enemy_Bee.h(5): warning C4067: símbolos (token) inesperados después de la directiva del preprocesador; se esperaba una nueva línea
  ModuleFadeToBlack.cpp
  ModuleParticles.cpp
  ModulePlayer.cpp
c:\users\ariadna\documents\github\gunbird_p01\gunbird\gunbird\Path.h(6): warning C4099: 'Animation': nombre de tipo visto anteriormente usando 'class' ahora se ve usando 'struct'
  c:\users\ariadna\documents\github\gunbird_p01\gunbird\gunbird\Animation.h(8): note: vea la declaración de 'Animation'
  ModulePlayer2.cpp
c:\users\ariadna\documents\github\gunbird_p01\gunbird\gunbird\Path.h(6): warning C4099: 'Animation': nombre de tipo visto anteriormente usando 'class' ahora se ve usando 'struct'
  c:\users\ariadna\documents\github\gunbird_p01\gunbird\gunbird\Animation.h(8): note: vea la declaración de 'Animation'
  ModuleSceneCastle.cpp
c:\users\ariadna\documents\github\gunbird_p01\gunbird\gunbird\Path.h(6): warning C4099: 'Animation': nombre de tipo visto anteriormente usando 'class' ahora se ve usando 'struct'
  c:\users\ariadna\documents\github\gunbird_p01\gunbird\gunbird\Animation.h(8): note: vea la declaración de 'Animation'
  Compilando...
  ModuleInput.cpp
  ModuleRender.cpp
  ModuleSceneForest.cpp
c:\users\ariadna\documents\github\gunbird_p01\gunbird\gunbird\Path.h(6): warning C4099: 'Animation': nombre de tipo visto anteriormente usando 'class' ahora se ve usando 'struct'
  c:\users\ariadna\documents\github\gunbird_p01\gunbird\gunbird\Animation.h(8): note: vea la declaración de 'Animation'
  ModuleScoreRanking.cpp
  ModuleTextures.cpp
  Enemy_Torpedo.cpp
c:\users\ariadna\documents\github\gunbird_p01\gunbird\gunbird\Path.h(6): warning C4099: 'Animation': nombre de tipo visto anteriormente usando 'class' ahora se ve usando 'struct'
  c:\users\ariadna\documents\github\gunbird_p01\gunbird\gunbird\Animation.h(8): note: vea la declaración de 'Animation'
c:\users\ariadna\documents\github\gunbird_p01\gunbird\gunbird\Enemy.h(8): warning C4099: 'Path': nombre de tipo visto anteriormente usando 'class' ahora se ve usando 'struct'
  c:\users\ariadna\documents\github\gunbird_p01\gunbird\gunbird\Path.h(17): note: vea la declaración de 'Path'
c:\users\ariadna\documents\github\gunbird_p01\gunbird\gunbird\Enemy_Torpedo.h(5): warning C4067: símbolos (token) inesperados después de la directiva del preprocesador; se esperaba una nueva línea
  ModuleUI.cpp
ModuleUI.cpp(340): warning C4018: '<': no coinciden signed/unsigned
  ModuleWelcomeScreen.cpp
  ModuleWindow.cpp
  Power_Up.cpp
c:\users\ariadna\documents\github\gunbird_p01\gunbird\gunbird\Path.h(6): warning C4099: 'Animation': nombre de tipo visto anteriormente usando 'class' ahora se ve usando 'struct'
  c:\users\ariadna\documents\github\gunbird_p01\gunbird\gunbird\Animation.h(8): note: vea la declaración de 'Animation'
c:\users\ariadna\documents\github\gunbird_p01\gunbird\gunbird\Enemy.h(8): warning C4099: 'Path': nombre de tipo visto anteriormente usando 'class' ahora se ve usando 'struct'
  c:\users\ariadna\documents\github\gunbird_p01\gunbird\gunbird\Path.h(17): note: vea la declaración de 'Path'
  SceneCastle_houseFlag.cpp
c:\users\ariadna\documents\github\gunbird_p01\gunbird\gunbird\Path.h(6): warning C4099: 'Animation': nombre de tipo visto anteriormente usando 'class' ahora se ve usando 'struct'
  c:\users\ariadna\documents\github\gunbird_p01\gunbird\gunbird\Animation.h(8): note: vea la declaración de 'Animation'
c:\users\ariadna\documents\github\gunbird_p01\gunbird\gunbird\Enemy.h(8): warning C4099: 'Path': nombre de tipo visto anteriormente usando 'class' ahora se ve usando 'struct'
  c:\users\ariadna\documents\github\gunbird_p01\gunbird\gunbird\Path.h(17): note: vea la declaración de 'Path'
  SceneCastle_houseFlag2.cpp
c:\users\ariadna\documents\github\gunbird_p01\gunbird\gunbird\Path.h(6): warning C4099: 'Animation': nombre de tipo visto anteriormente usando 'class' ahora se ve usando 'struct'
  c:\users\ariadna\documents\github\gunbird_p01\gunbird\gunbird\Animation.h(8): note: vea la declaración de 'Animation'
c:\users\ariadna\documents\github\gunbird_p01\gunbird\gunbird\Enemy.h(8): warning C4099: 'Path': nombre de tipo visto anteriormente usando 'class' ahora se ve usando 'struct'
  c:\users\ariadna\documents\github\gunbird_p01\gunbird\gunbird\Path.h(17): note: vea la declaración de 'Path'
  SceneCastle_Vase.cpp
c:\users\ariadna\documents\github\gunbird_p01\gunbird\gunbird\Path.h(6): warning C4099: 'Animation': nombre de tipo visto anteriormente usando 'class' ahora se ve usando 'struct'
  c:\users\ariadna\documents\github\gunbird_p01\gunbird\gunbird\Animation.h(8): note: vea la declaración de 'Animation'
c:\users\ariadna\documents\github\gunbird_p01\gunbird\gunbird\Enemy.h(8): warning C4099: 'Path': nombre de tipo visto anteriormente usando 'class' ahora se ve usando 'struct'
  c:\users\ariadna\documents\github\gunbird_p01\gunbird\gunbird\Path.h(17): note: vea la declaración de 'Path'
  Generando código
  295 of 298 functions (99.0%) were compiled, the rest were copied from previous compilation.
    0 functions were new in current compilation
    0 functions had inline decision re-evaluated but remain unchanged
  Generación de código finalizada
  Gunbird.vcxproj -> C:\Users\Ariadna\Documents\GitHub\Gunbird_P01\Gunbird\Release\Gunbird.exe
  Gunbird.vcxproj -> C:\Users\Ariadna\Documents\GitHub\Gunbird_P01\Gunbird\Release\Gunbird.pdb (Full PDB)
