  ModuleSceneForest.cpp
c:\users\martí\documents\github\gunbird_p01\gunbird\gunbird\path.h(6): warning C4099: 'Animation': type name first seen using 'class' now seen using 'struct'
  c:\users\martí\documents\github\gunbird_p01\gunbird\gunbird\animation.h(8): note: see declaration of 'Animation'
c:\users\martí\documents\github\gunbird_p01\gunbird\gunbird\modulesceneforest.cpp(302): warning C4244: 'argument': conversion from 'float' to 'int', possible loss of data
c:\users\martí\documents\github\gunbird_p01\gunbird\gunbird\modulesceneforest.cpp(307): warning C4244: 'argument': conversion from 'float' to 'int', possible loss of data
c:\users\martí\documents\github\gunbird_p01\gunbird\gunbird\modulesceneforest.cpp(312): warning C4244: 'argument': conversion from 'float' to 'int', possible loss of data
c:\users\martí\documents\github\gunbird_p01\gunbird\gunbird\modulesceneforest.cpp(317): warning C4244: 'argument': conversion from 'float' to 'int', possible loss of data
c:\users\martí\documents\github\gunbird_p01\gunbird\gunbird\modulesceneforest.cpp(322): warning C4244: 'argument': conversion from 'float' to 'int', possible loss of data
c:\users\martí\documents\github\gunbird_p01\gunbird\gunbird\modulesceneforest.cpp(327): warning C4244: 'argument': conversion from 'float' to 'int', possible loss of data
c:\users\martí\documents\github\gunbird_p01\gunbird\gunbird\modulesceneforest.cpp(336): warning C4244: 'argument': conversion from 'float' to 'int', possible loss of data
c:\users\martí\documents\github\gunbird_p01\gunbird\gunbird\modulesceneforest.cpp(340): warning C4244: 'argument': conversion from 'float' to 'int', possible loss of data
c:\users\martí\documents\github\gunbird_p01\gunbird\gunbird\modulesceneforest.cpp(347): warning C4244: 'argument': conversion from 'float' to 'int', possible loss of data
c:\users\martí\documents\github\gunbird_p01\gunbird\gunbird\modulesceneforest.cpp(351): warning C4244: 'argument': conversion from 'float' to 'int', possible loss of data
c:\users\martí\documents\github\gunbird_p01\gunbird\gunbird\modulesceneforest.cpp(372): warning C4244: 'argument': conversion from 'float' to 'int', possible loss of data
c:\users\martí\documents\github\gunbird_p01\gunbird\gunbird\modulesceneforest.cpp(376): warning C4244: 'argument': conversion from 'float' to 'int', possible loss of data
c:\users\martí\documents\github\gunbird_p01\gunbird\gunbird\modulesceneforest.cpp(380): warning C4244: 'argument': conversion from 'float' to 'int', possible loss of data
c:\users\martí\documents\github\gunbird_p01\gunbird\gunbird\modulesceneforest.cpp(384): warning C4244: 'argument': conversion from 'float' to 'int', possible loss of data
c:\users\martí\documents\github\gunbird_p01\gunbird\gunbird\modulesceneforest.cpp(388): warning C4244: 'argument': conversion from 'float' to 'int', possible loss of data
c:\users\martí\documents\github\gunbird_p01\gunbird\gunbird\modulesceneforest.cpp(400): warning C4244: 'argument': conversion from 'float' to 'int', possible loss of data
c:\users\martí\documents\github\gunbird_p01\gunbird\gunbird\modulesceneforest.cpp(408): warning C4244: 'argument': conversion from 'float' to 'int', possible loss of data
c:\users\martí\documents\github\gunbird_p01\gunbird\gunbird\modulesceneforest.cpp(414): warning C4244: 'argument': conversion from 'float' to 'int', possible loss of data
c:\users\martí\documents\github\gunbird_p01\gunbird\gunbird\modulesceneforest.cpp(420): warning C4244: 'argument': conversion from 'float' to 'int', possible loss of data
c:\users\martí\documents\github\gunbird_p01\gunbird\gunbird\modulesceneforest.cpp(426): warning C4244: 'argument': conversion from 'float' to 'int', possible loss of data
c:\users\martí\documents\github\gunbird_p01\gunbird\gunbird\modulesceneforest.cpp(434): warning C4244: 'argument': conversion from 'float' to 'int', possible loss of data
c:\users\martí\documents\github\gunbird_p01\gunbird\gunbird\modulesceneforest.cpp(440): warning C4244: 'argument': conversion from 'float' to 'int', possible loss of data
c:\users\martí\documents\github\gunbird_p01\gunbird\gunbird\modulesceneforest.cpp(446): warning C4244: 'argument': conversion from 'float' to 'int', possible loss of data
c:\users\martí\documents\github\gunbird_p01\gunbird\gunbird\modulesceneforest.cpp(452): warning C4244: 'argument': conversion from 'float' to 'int', possible loss of data
c:\users\martí\documents\github\gunbird_p01\gunbird\gunbird\modulesceneforest.cpp(465): warning C4305: '+=': truncation from 'double' to 'float'
c:\users\martí\documents\github\gunbird_p01\gunbird\gunbird\modulesceneforest.cpp(468): warning C4305: '+=': truncation from 'double' to 'float'
c:\users\martí\documents\github\gunbird_p01\gunbird\gunbird\modulesceneforest.cpp(482): warning C4244: 'argument': conversion from 'float' to 'int', possible loss of data
c:\users\martí\documents\github\gunbird_p01\gunbird\gunbird\modulesceneforest.cpp(487): warning C4244: 'argument': conversion from 'float' to 'int', possible loss of data
c:\users\martí\documents\github\gunbird_p01\gunbird\gunbird\modulesceneforest.cpp(492): warning C4244: 'argument': conversion from 'float' to 'int', possible loss of data
c:\users\martí\documents\github\gunbird_p01\gunbird\gunbird\modulesceneforest.cpp(497): warning C4244: 'argument': conversion from 'float' to 'int', possible loss of data
c:\users\martí\documents\github\gunbird_p01\gunbird\gunbird\modulesceneforest.cpp(502): warning C4244: 'argument': conversion from 'float' to 'int', possible loss of data
c:\users\martí\documents\github\gunbird_p01\gunbird\gunbird\modulesceneforest.cpp(507): warning C4244: 'argument': conversion from 'float' to 'int', possible loss of data
c:\users\martí\documents\github\gunbird_p01\gunbird\gunbird\modulesceneforest.cpp(521): warning C4244: 'argument': conversion from 'float' to 'int', possible loss of data
c:\users\martí\documents\github\gunbird_p01\gunbird\gunbird\modulesceneforest.cpp(533): warning C4244: 'argument': conversion from 'float' to 'int', possible loss of data
c:\users\martí\documents\github\gunbird_p01\gunbird\gunbird\modulesceneforest.cpp(545): warning C4244: 'argument': conversion from 'float' to 'int', possible loss of data
c:\users\martí\documents\github\gunbird_p01\gunbird\gunbird\modulesceneforest.cpp(557): warning C4244: 'argument': conversion from 'float' to 'int', possible loss of data
c:\users\martí\documents\github\gunbird_p01\gunbird\gunbird\modulesceneforest.cpp(569): warning C4244: 'argument': conversion from 'float' to 'int', possible loss of data
c:\users\martí\documents\github\gunbird_p01\gunbird\gunbird\modulesceneforest.cpp(581): warning C4244: 'argument': conversion from 'float' to 'int', possible loss of data
c:\users\martí\documents\github\gunbird_p01\gunbird\gunbird\modulesceneforest.cpp(593): warning C4244: 'argument': conversion from 'float' to 'int', possible loss of data
c:\users\martí\documents\github\gunbird_p01\gunbird\gunbird\modulesceneforest.cpp(760): warning C4244: 'argument': conversion from 'float' to 'int', possible loss of data
c:\users\martí\documents\github\gunbird_p01\gunbird\gunbird\modulesceneforest.cpp(788): error C2059: syntax error: 'if'
c:\users\martí\documents\github\gunbird_p01\gunbird\gunbird\modulesceneforest.cpp(789): error C2143: syntax error: missing ';' before '{'
c:\users\martí\documents\github\gunbird_p01\gunbird\gunbird\modulesceneforest.cpp(789): error C2447: '{': missing function header (old-style formal list?)
c:\users\martí\documents\github\gunbird_p01\gunbird\gunbird\modulesceneforest.cpp(802): error C2059: syntax error: 'if'
c:\users\martí\documents\github\gunbird_p01\gunbird\gunbird\modulesceneforest.cpp(803): error C2143: syntax error: missing ';' before '{'
c:\users\martí\documents\github\gunbird_p01\gunbird\gunbird\modulesceneforest.cpp(803): error C2447: '{': missing function header (old-style formal list?)
c:\users\martí\documents\github\gunbird_p01\gunbird\gunbird\modulesceneforest.cpp(821): error C2059: syntax error: 'return'
c:\users\martí\documents\github\gunbird_p01\gunbird\gunbird\modulesceneforest.cpp(822): error C2059: syntax error: '}'
c:\users\martí\documents\github\gunbird_p01\gunbird\gunbird\modulesceneforest.cpp(822): error C2143: syntax error: missing ';' before '}'
c:\users\martí\documents\github\gunbird_p01\gunbird\gunbird\modulesceneforest.cpp(827): error C2143: syntax error: missing ';' before '{'
c:\users\martí\documents\github\gunbird_p01\gunbird\gunbird\modulesceneforest.cpp(827): error C2447: '{': missing function header (old-style formal list?)
