c:\users\guillermo\documents\github\gunbird_p01\gunbird\gunbird\debug\vc140.pdb
c:\users\guillermo\documents\github\gunbird_p01\gunbird\gunbird\debug\vc140.idb
c:\users\guillermo\documents\github\gunbird_p01\gunbird\gunbird\debug\application.obj
c:\users\guillermo\documents\github\gunbird_p01\gunbird\gunbird\debug\moduleenemies.obj
c:\users\guillermo\documents\github\gunbird_p01\gunbird\gunbird\debug\moduleinput.obj
c:\users\guillermo\documents\github\gunbird_p01\gunbird\gunbird\debug\modulewelcomescreen.obj
c:\users\guillermo\documents\github\gunbird_p01\gunbird\gunbird\debug\modulewindow.obj
c:\users\guillermo\documents\github\gunbird_p01\gunbird\gunbird\debug\moduleaudio.obj
c:\users\guillermo\documents\github\gunbird_p01\gunbird\gunbird\debug\modulefadetoblack.obj
c:\users\guillermo\documents\github\gunbird_p01\gunbird\gunbird\debug\moduleparticles.obj
c:\users\guillermo\documents\github\gunbird_p01\gunbird\gunbird\debug\moduletextures.obj
c:\users\guillermo\documents\github\gunbird_p01\gunbird\gunbird\debug\moduleui.obj
c:\users\guillermo\documents\github\gunbird_p01\gunbird\gunbird\debug\power_up.obj
c:\users\guillermo\documents\github\gunbird_p01\gunbird\gunbird\debug\scenecastle_vase.obj
c:\users\guillermo\documents\github\gunbird_p01\gunbird\gunbird\debug\scenecastle_houseflag.obj
c:\users\guillermo\documents\github\gunbird_p01\gunbird\gunbird\debug\scenecastle_houseflag2.obj
c:\users\guillermo\documents\github\gunbird_p01\gunbird\gunbird\debug\coin.obj
c:\users\guillermo\documents\github\gunbird_p01\gunbird\gunbird\debug\enemy.obj
c:\users\guillermo\documents\github\gunbird_p01\gunbird\gunbird\debug\enemy_metallicballoon.obj
c:\users\guillermo\documents\github\gunbird_p01\gunbird\gunbird\debug\enemy_terrestialturret.obj
c:\users\guillermo\documents\github\gunbird_p01\gunbird\gunbird\debug\enemy_torpedo.obj
c:\users\guillermo\documents\github\gunbird_p01\gunbird\gunbird\debug\main.obj
c:\users\guillermo\documents\github\gunbird_p01\gunbird\gunbird\debug\moduleplayer.obj
c:\users\guillermo\documents\github\gunbird_p01\gunbird\gunbird\debug\moduleplayer2.obj
c:\users\guillermo\documents\github\gunbird_p01\gunbird\gunbird\debug\modulescenecastle.obj
c:\users\guillermo\documents\github\gunbird_p01\gunbird\gunbird\debug\modulecharacterselection.obj
c:\users\guillermo\documents\github\gunbird_p01\gunbird\gunbird\debug\modulecollision.obj
c:\users\guillermo\documents\github\gunbird_p01\gunbird\gunbird\debug\modulerender.obj
c:\users\guillermo\documents\github\gunbird_p01\gunbird\gunbird\debug\modulescoreranking.obj
c:\users\guillermo\documents\github\gunbird_p01\gunbird\gunbird\debug\modulesceneforest.obj
c:\users\guillermo\documents\github\gunbird_p01\gunbird\gunbird\debug\enemy_bee.obj
c:\users\guillermo\documents\github\gunbird_p01\gunbird\gunbird\debug\enemy_big_red_turret.obj
c:\users\guillermo\documents\github\gunbird_p01\gunbird\debug\gunbird.ilk
c:\users\guillermo\documents\github\gunbird_p01\gunbird\debug\gunbird.exe
c:\users\guillermo\documents\github\gunbird_p01\gunbird\debug\gunbird.pdb
c:\users\guillermo\documents\github\gunbird_p01\gunbird\gunbird\debug\globals.obj
c:\users\guillermo\documents\github\gunbird_p01\gunbird\gunbird\debug\module_player.obj
c:\users\guillermo\documents\github\gunbird_p01\gunbird\gunbird\debug\gunbird.tlog\cl.command.1.tlog
c:\users\guillermo\documents\github\gunbird_p01\gunbird\gunbird\debug\gunbird.tlog\cl.read.1.tlog
c:\users\guillermo\documents\github\gunbird_p01\gunbird\gunbird\debug\gunbird.tlog\cl.write.1.tlog
c:\users\guillermo\documents\github\gunbird_p01\gunbird\gunbird\debug\gunbird.tlog\link.command.1.tlog
c:\users\guillermo\documents\github\gunbird_p01\gunbird\gunbird\debug\gunbird.tlog\link.read.1.tlog
c:\users\guillermo\documents\github\gunbird_p01\gunbird\gunbird\debug\gunbird.tlog\link.write.1.tlog
